<?xml version="1.0" encoding="UTF-8"?>
<testng-results ignored="0" total="1" passed="1" failed="0" skipped="0">
  <reporter-output>
    <line>
      <![CDATA[You are on FAQ'S Page]]>
    </line>
  </reporter-output>
  <suite started-at="2023-08-30T10:59:42 IST" name="Suite" finished-at="2023-08-30T11:00:01 IST" duration-ms="19199">
    <groups>
    </groups>
    <test started-at="2023-08-30T10:59:42 IST" name="Test" finished-at="2023-08-30T11:00:01 IST" duration-ms="19199">
      <class name="com.clouddemo.testscripts.CloudDemoCommunicationTest">
        <test-method is-config="true" signature="initialization(java.lang.String)[pri:0, instance:com.clouddemo.testscripts.CloudDemoCommunicationTest@48f278eb]" started-at="2023-08-30T10:59:42 IST" name="initialization" finished-at="2023-08-30T10:59:51 IST" duration-ms="9439" status="PASS">
          <params>
            <param index="0">
              <value>
                <![CDATA[chrome]]>
              </value>
            </param>
          </params>
          <reporter-output>
          </reporter-output>
        </test-method> <!-- initialization -->
        <test-method signature="verifyDeleteFaq()[pri:11, instance:com.clouddemo.testscripts.CloudDemoCommunicationTest@48f278eb]" started-at="2023-08-30T10:59:51 IST" name="verifyDeleteFaq" finished-at="2023-08-30T11:00:01 IST" duration-ms="9698" status="PASS">
          <reporter-output>
            <line>
              <![CDATA[You are on FAQ'S Page]]>
            </line>
          </reporter-output>
        </test-method> <!-- verifyDeleteFaq -->
      </class> <!-- com.clouddemo.testscripts.CloudDemoCommunicationTest -->
    </test> <!-- Test -->
  </suite> <!-- Suite -->
</testng-results>
